This is pdfTeX, Version 3.14159265-2.6-1.40.21 (TeX Live 2020) (preloaded format=pdflatex 2020.6.23)  9 JUN 2021 16:19
entering extended mode
 restricted \write18 enabled.
 file:line:error style messages enabled.
 %&-line parsing enabled.
**nb-step-4-solution.tex
(./nb-step-4-solution.tex
LaTeX2e <2020-02-02> patch level 5
L3 programming layer <2020-03-06> (./aa-note.cls

LaTeX Warning: You have requested document class `aa-note',
               but the document class provides `aa'.

Document Class: aa 2012/05/22{} v8.2{} Class for AA journal
(/usr/local/texlive/2020/texmf-dist/tex/latex/base/article.cls
Document Class: article 2019/12/20 v1.4l Standard LaTeX document class
(/usr/local/texlive/2020/texmf-dist/tex/latex/base/fleqn.clo
File: fleqn.clo 2016/12/29 v1.2b Standard LaTeX option (flush left equations)
\mathindent=\dimen134
Applying: [2015/01/01] Make \[ robust on input line 50.
LaTeX Info: Redefining \[ on input line 51.
Already applied: [0000/00/00] Make \[ robust on input line 62.
Applying: [2015/01/01] Make \] robust on input line 74.
LaTeX Info: Redefining \] on input line 75.
Already applied: [0000/00/00] Make \] robust on input line 83.
)
(/usr/local/texlive/2020/texmf-dist/tex/latex/base/size10.clo
File: size10.clo 2019/12/20 v1.4l Standard LaTeX file (size option)
)
\c@part=\count167
\c@section=\count168
\c@subsection=\count169
\c@subsubsection=\count170
\c@paragraph=\count171
\c@subparagraph=\count172
\c@figure=\count173
\c@table=\count174
\abovecaptionskip=\skip47
\belowcaptionskip=\skip48
\bibindent=\dimen135
)
\aa@fullwidth=\skip49
\aa@fullheight=\skip50

(/usr/local/texlive/2020/texmf-dist/tex/latex/tools/calc.sty
Package: calc 2017/05/25 v4.3 Infix arithmetic (KKT,FJ)
\calc@Acount=\count175
\calc@Bcount=\count176
\calc@Adimen=\dimen136
\calc@Bdimen=\dimen137
\calc@Askip=\skip51
\calc@Bskip=\skip52
LaTeX Info: Redefining \setlength on input line 80.
LaTeX Info: Redefining \addtolength on input line 81.
\calc@Ccount=\count177
\calc@Cskip=\skip53
)
(/usr/local/texlive/2020/texmf-dist/tex/latex/etex-pkg/etex.sty
Package: etex 2016/08/01 v2.7 eTeX basic definition package (PEB,DPC)
\et@xins=\count178
)
(/usr/local/texlive/2020/texmf-dist/tex/latex/base/fontenc.sty
Package: fontenc 2020/02/11 v2.0o Standard LaTeX package
)
(/usr/local/texlive/2020/texmf-dist/tex/latex/base/inputenc.sty
Package: inputenc 2018/08/11 v1.3c Input encoding file
\inpenc@prehook=\toks15
\inpenc@posthook=\toks16
)
(/usr/local/texlive/2020/texmf-dist/tex/latex/geometry/geometry.sty
Package: geometry 2020/01/02 v5.9 Page Geometry

(/usr/local/texlive/2020/texmf-dist/tex/latex/graphics/keyval.sty
Package: keyval 2014/10/28 v1.15 key=value parser (DPC)
\KV@toks@=\toks17
)
(/usr/local/texlive/2020/texmf-dist/tex/generic/iftex/ifvtex.sty
Package: ifvtex 2019/10/25 v1.7 ifvtex legacy package. Use iftex instead.

(/usr/local/texlive/2020/texmf-dist/tex/generic/iftex/iftex.sty
Package: iftex 2020/03/06 v1.0d TeX engine tests
))
\Gm@cnth=\count179
\Gm@cntv=\count180
\c@Gm@tempcnt=\count181
\Gm@bindingoffset=\dimen138
\Gm@wd@mp=\dimen139
\Gm@odd@mp=\dimen140
\Gm@even@mp=\dimen141
\Gm@layoutwidth=\dimen142
\Gm@layoutheight=\dimen143
\Gm@layouthoffset=\dimen144
\Gm@layoutvoffset=\dimen145
\Gm@dimlist=\toks18
)
(/usr/local/texlive/2020/texmf-dist/tex/latex/setspace/setspace.sty
Package: setspace 2011/12/19 v6.7a set line spacing
)
(/usr/local/texlive/2020/texmf-dist/tex/latex/fancyhdr/fancyhdr.sty
Package: fancyhdr 2019/01/31 v3.10 Extensive control of page headers and footer
s
\f@nch@headwidth=\skip54
\f@nch@O@elh=\skip55
\f@nch@O@erh=\skip56
\f@nch@O@olh=\skip57
\f@nch@O@orh=\skip58
\f@nch@O@elf=\skip59
\f@nch@O@erf=\skip60
\f@nch@O@olf=\skip61
\f@nch@O@orf=\skip62
)
(/usr/local/texlive/2020/texmf-dist/tex/latex/sttools/cuted.sty
Package: cuted 2012/10/04 v1.5 Mixing onecolumn and twocolumn modes
\At@ViperColsBreak=\toks19
\v@aaa=\box45
\v@ccc=\box46
\lastskip@a=\skip63
\lastskip@b=\skip64
\lastskip@d=\skip65
\lastbox@a=\box47
\stripsep=\skip66
\@viper=\box48
\viper@penalty=\count182
\hold@viper=\box49
\ht@viper=\dimen146
)
(/usr/local/texlive/2020/texmf-dist/tex/latex/amsmath/amsmath.sty
Package: amsmath 2020/01/20 v2.17e AMS math features
\@mathmargin=\skip67

For additional information on amsmath, use the `?' option.
(/usr/local/texlive/2020/texmf-dist/tex/latex/amsmath/amstext.sty
Package: amstext 2000/06/29 v2.01 AMS text

(/usr/local/texlive/2020/texmf-dist/tex/latex/amsmath/amsgen.sty
File: amsgen.sty 1999/11/30 v2.0 generic functions
\@emptytoks=\toks20
\ex@=\dimen147
))
(/usr/local/texlive/2020/texmf-dist/tex/latex/amsmath/amsbsy.sty
Package: amsbsy 1999/11/29 v1.2d Bold Symbols
\pmbraise@=\dimen148
)
(/usr/local/texlive/2020/texmf-dist/tex/latex/amsmath/amsopn.sty
Package: amsopn 2016/03/08 v2.02 operator names
)
\inf@bad=\count183
LaTeX Info: Redefining \frac on input line 227.
\uproot@=\count184
\leftroot@=\count185
LaTeX Info: Redefining \overline on input line 389.
\classnum@=\count186
\DOTSCASE@=\count187
LaTeX Info: Redefining \ldots on input line 486.
LaTeX Info: Redefining \dots on input line 489.
LaTeX Info: Redefining \cdots on input line 610.
\Mathstrutbox@=\box50
\strutbox@=\box51
\big@size=\dimen149
LaTeX Font Info:    Redeclaring font encoding OML on input line 733.
LaTeX Font Info:    Redeclaring font encoding OMS on input line 734.
\macc@depth=\count188
\c@MaxMatrixCols=\count189
\dotsspace@=\muskip16
\c@parentequation=\count190
\dspbrk@lvl=\count191
\tag@help=\toks21
\row@=\count192
\column@=\count193
\maxfields@=\count194
\andhelp@=\toks22
\eqnshift@=\dimen150
\alignsep@=\dimen151
\tagshift@=\dimen152
\tagwidth@=\dimen153
\totwidth@=\dimen154
\lineht@=\dimen155
\@envbody=\toks23
\multlinegap=\skip68
\multlinetaggap=\skip69
\mathdisplay@stack=\toks24
LaTeX Info: Redefining \[ on input line 2859.
LaTeX Info: Redefining \] on input line 2860.
)
(/usr/local/texlive/2020/texmf-dist/tex/latex/amsfonts/amssymb.sty
Package: amssymb 2013/01/14 v3.01 AMS font symbols

(/usr/local/texlive/2020/texmf-dist/tex/latex/amsfonts/amsfonts.sty
Package: amsfonts 2013/01/14 v3.01 Basic AMSFonts support
\symAMSa=\mathgroup4
\symAMSb=\mathgroup5
LaTeX Font Info:    Redeclaring math symbol \hbar on input line 98.
LaTeX Font Info:    Overwriting math alphabet `\mathfrak' in version `bold'
(Font)                  U/euf/m/n --> U/euf/b/n on input line 106.
))
(/usr/local/texlive/2020/texmf-dist/tex/latex/url/url.sty
\Urlmuskip=\muskip17
Package: url 2013/09/16  ver 3.4  Verb mode for urls, etc.
)
(/usr/local/texlive/2020/texmf-dist/tex/latex/tools/enumerate.sty
Package: enumerate 2015/07/23 v3.00 enumerate extensions (DPC)
\@enLab=\toks25
)
(/usr/local/texlive/2020/texmf-dist/tex/latex/tools/longtable.sty
Package: longtable 2020/01/07 v4.13 Multi-page Table package (DPC)
\LTleft=\skip70
\LTright=\skip71
\LTpre=\skip72
\LTpost=\skip73
\LTchunksize=\count195
\LTcapwidth=\dimen156
\LT@head=\box52
\LT@firsthead=\box53
\LT@foot=\box54
\LT@lastfoot=\box55
\LT@cols=\count196
\LT@rows=\count197
\c@LT@tables=\count198
\c@LT@chunks=\count199
\LT@p@ftn=\toks26
)
(/usr/local/texlive/2020/texmf-dist/tex/latex/natbib/natbib.sty
Package: natbib 2010/09/13 8.31b (PWD, AO)
\bibhang=\skip74
\bibsep=\skip75
LaTeX Info: Redefining \cite on input line 694.
Normal \count register pool exhausted, switching to extended pool.
\c@NAT@ctr=\count277
)
(/usr/local/texlive/2020/texmf-dist/tex/latex/tools/xspace.sty
Package: xspace 2014/10/28 v1.13 Space after command names (DPC,MH)
)
(/usr/local/texlive/2020/texmf-dist/tex/generic/babel/babel.sty
Package: babel 2020/03/22 3.42 The Babel package

(/usr/local/texlive/2020/texmf-dist/tex/generic/babel/switch.def
File: switch.def 2020/03/22 3.42 Babel switching mechanism
)
(/usr/local/texlive/2020/texmf-dist/tex/generic/babel-english/english.ldf
Language: english 2017/06/06 v3.3r English support from the babel system

(/usr/local/texlive/2020/texmf-dist/tex/generic/babel/babel.def
File: babel.def 2020/03/22 3.42 Babel common definitions
\babel@savecnt=\count278
\U@D=\dimen157

(/usr/local/texlive/2020/texmf-dist/tex/generic/babel/txtbabel.def)
\bbl@readstream=\read2
\bbl@dirlevel=\count279
)
Package babel Info: \l@canadian = using hyphenrules for english
(babel)             (\language0) on input line 102.
Package babel Info: \l@australian = using hyphenrules for ukenglish
(babel)             (\language21) on input line 105.
Package babel Info: \l@newzealand = using hyphenrules for ukenglish
(babel)             (\language21) on input line 108.
))
(/usr/local/texlive/2020/texmf-dist/tex/latex/graphics/rotating.sty
Package: rotating 2016/08/11 v2.16d rotated objects in LaTeX

(/usr/local/texlive/2020/texmf-dist/tex/latex/graphics/graphicx.sty
Package: graphicx 2019/11/30 v1.2a Enhanced LaTeX Graphics (DPC,SPQR)

(/usr/local/texlive/2020/texmf-dist/tex/latex/graphics/graphics.sty
Package: graphics 2019/11/30 v1.4a Standard LaTeX Graphics (DPC,SPQR)

(/usr/local/texlive/2020/texmf-dist/tex/latex/graphics/trig.sty
Package: trig 2016/01/03 v1.10 sin cos tan (DPC)
)
(/usr/local/texlive/2020/texmf-dist/tex/latex/graphics-cfg/graphics.cfg
File: graphics.cfg 2016/06/04 v1.11 sample graphics configuration
)
Package graphics Info: Driver file: pdftex.def on input line 105.

(/usr/local/texlive/2020/texmf-dist/tex/latex/graphics-def/pdftex.def
File: pdftex.def 2018/01/08 v1.0l Graphics/color driver for pdftex
))
\Gin@req@height=\dimen158
\Gin@req@width=\dimen159
)
(/usr/local/texlive/2020/texmf-dist/tex/latex/base/ifthen.sty
Package: ifthen 2014/09/29 v1.1c Standard LaTeX ifthen package (DPC)
)
\c@r@tfl@t=\count280
\rotFPtop=\skip76
\rotFPbot=\skip77
\rot@float@box=\box56
\rot@mess@toks=\toks27
)
(/usr/local/texlive/2020/texmf-dist/tex/latex/answers/answers.sty
Package: answers 2014/08/24 v2.16 Production of solution sheets in LaTeX2e

(/usr/local/texlive/2020/texmf-dist/tex/latex/tools/verbatim.sty
Package: verbatim 2019/11/10 v1.5r LaTeX2e package for verbatim enhancements
\every@verbatim=\toks28
\verbatim@line=\toks29
\verbatim@in@stream=\read3
))
\aa@cnta=\count281
\aa@cntb=\count282
\aa@nbwords=\count283
\aa@nbauthors=\count284
\aa@nbinstitutes=\count285
\c@aa@institutecnt=\count286
\aa@savecounter=\count287
\aa@dima=\skip78
\aa@dimb=\skip79
\aa@dimc=\skip80
\VSpaceBeforeTheorem=\skip81
\VSpaceAfterTheorem=\skip82
\HSpaceIndentTheorem=\skip83
\HVSpaceSepTheorem=\skip84
\aa@securityheadmargin=\skip85
\aa@bleedmargin=\skip86
\aa@voffsetlettername=\skip87
\aa@hoffsetlettername=\skip88
\aa@hoffsetgray=\skip89
\aa@aftercontentsnameskip=\skip90
\aa@aftercontentsAutnameskip=\skip91
\aa@beforeheadboxskip=\skip92
\aa@afterheadboxskip=\skip93
\aa@beforetopicsskip=\skip94
\aa@aftertopicsskip=\skip95
\aa@afterletternameskip=\skip96
\aa@beforeletternameskip=\skip97
\aa@beforeheadnoteskip=\skip98
\aa@afterheadnoteskip=\skip99
\aa@aftertitleskip=\skip100
\aa@beforesubtitleskip=\skip101
\aa@aftersubtitleskip=\skip102
\aa@afterauthorskip=\skip103
\aa@beforernoteskip=\skip104
\aa@beforedefaultheadnoteskip=\skip105
\aa@headingleftmargin=\skip106
\aa@headingrightmargin=\skip107
\aa@afterinstituteskip=\skip108
\aa@instituteindent=\skip109
\aa@afterdateskip=\skip110
\aa@afterdedicationskip=\skip111
\aa@afterabstractnameskip=\skip112
\aa@afterabstractskip=\skip113
\aa@aftersubabstractskip=\skip114
\aa@afterkeywordsskip=\skip115
\aa@beforeacknowledgementsskip=\skip116
\aa@afteracknowledgementsskip=\skip117
\aa@figgap=\skip118
\aa@sidecaptionminwidth=\skip119
\aa@sidecaptionwidth=\skip120
\VSpaceBeforeFigCaption=\skip121
\VSpaceAfterTabCaption=\skip122
\VSpaceBeforeTabBib=\skip123
\VSpaceBeforeTabFoot=\skip124
\aa@textonlineboxsep=\skip125
\aftertext=\skip126
\aa@entryboxwidth=\skip127
\betweenumberspace=\skip128
\aa@stripbox=\box57
\aa@outputbox=\box58
\c@AAproof=\count288
\c@AAtheorem=\count289
)
(/usr/local/texlive/2020/texmf-dist/tex/latex/oberdiek/twoopt.sty
Package: twoopt 2016/05/16 v1.6 Definitions with two optional arguments (HO)
)
(/usr/local/texlive/2020/texmf-dist/tex/latex/txfonts/txfonts.sty
Package: txfonts 2008/01/22 v3.2.1
LaTeX Font Info:    Redeclaring symbol font `operators' on input line 21.
LaTeX Font Info:    Overwriting symbol font `operators' in version `normal'
(Font)                  OT1/cmr/m/n --> OT1/txr/m/n on input line 21.
LaTeX Font Info:    Overwriting symbol font `operators' in version `bold'
(Font)                  OT1/cmr/bx/n --> OT1/txr/m/n on input line 21.
LaTeX Font Info:    Overwriting symbol font `operators' in version `bold'
(Font)                  OT1/txr/m/n --> OT1/txr/bx/n on input line 22.
\symitalic=\mathgroup6
LaTeX Font Info:    Overwriting symbol font `italic' in version `bold'
(Font)                  OT1/txr/m/it --> OT1/txr/bx/it on input line 26.
LaTeX Font Info:    Redeclaring math alphabet \mathbf on input line 29.
LaTeX Font Info:    Overwriting math alphabet `\mathbf' in version `normal'
(Font)                  OT1/cmr/bx/n --> OT1/txr/bx/n on input line 29.
LaTeX Font Info:    Overwriting math alphabet `\mathbf' in version `bold'
(Font)                  OT1/cmr/bx/n --> OT1/txr/bx/n on input line 29.
LaTeX Font Info:    Redeclaring math alphabet \mathit on input line 30.
LaTeX Font Info:    Overwriting math alphabet `\mathit' in version `normal'
(Font)                  OT1/cmr/m/it --> OT1/txr/m/it on input line 30.
LaTeX Font Info:    Overwriting math alphabet `\mathit' in version `bold'
(Font)                  OT1/cmr/bx/it --> OT1/txr/m/it on input line 30.
LaTeX Font Info:    Overwriting math alphabet `\mathit' in version `bold'
(Font)                  OT1/txr/m/it --> OT1/txr/bx/it on input line 31.
LaTeX Font Info:    Redeclaring math alphabet \mathsf on input line 40.
LaTeX Font Info:    Overwriting math alphabet `\mathsf' in version `normal'
(Font)                  OT1/cmss/m/n --> OT1/txss/m/n on input line 40.
LaTeX Font Info:    Overwriting math alphabet `\mathsf' in version `bold'
(Font)                  OT1/cmss/bx/n --> OT1/txss/m/n on input line 40.
LaTeX Font Info:    Overwriting math alphabet `\mathsf' in version `bold'
(Font)                  OT1/txss/m/n --> OT1/txss/b/n on input line 41.
LaTeX Font Info:    Redeclaring math alphabet \mathtt on input line 50.
LaTeX Font Info:    Overwriting math alphabet `\mathtt' in version `normal'
(Font)                  OT1/cmtt/m/n --> OT1/txtt/m/n on input line 50.
LaTeX Font Info:    Overwriting math alphabet `\mathtt' in version `bold'
(Font)                  OT1/cmtt/m/n --> OT1/txtt/m/n on input line 50.
LaTeX Font Info:    Overwriting math alphabet `\mathtt' in version `bold'
(Font)                  OT1/txtt/m/n --> OT1/txtt/b/n on input line 51.
LaTeX Font Info:    Redeclaring symbol font `letters' on input line 58.
LaTeX Font Info:    Overwriting symbol font `letters' in version `normal'
(Font)                  OML/cmm/m/it --> OML/txmi/m/it on input line 58.
LaTeX Font Info:    Overwriting symbol font `letters' in version `bold'
(Font)                  OML/cmm/b/it --> OML/txmi/m/it on input line 58.
LaTeX Font Info:    Overwriting symbol font `letters' in version `bold'
(Font)                  OML/txmi/m/it --> OML/txmi/bx/it on input line 59.
\symlettersA=\mathgroup7
LaTeX Font Info:    Overwriting symbol font `lettersA' in version `bold'
(Font)                  U/txmia/m/it --> U/txmia/bx/it on input line 67.
LaTeX Font Info:    Redeclaring math alphabet \mathfrak on input line 70.
LaTeX Font Info:    Redeclaring symbol font `symbols' on input line 77.
LaTeX Font Info:    Overwriting symbol font `symbols' in version `normal'
(Font)                  OMS/cmsy/m/n --> OMS/txsy/m/n on input line 77.
LaTeX Font Info:    Overwriting symbol font `symbols' in version `bold'
(Font)                  OMS/cmsy/b/n --> OMS/txsy/m/n on input line 77.
LaTeX Font Info:    Overwriting symbol font `symbols' in version `bold'
(Font)                  OMS/txsy/m/n --> OMS/txsy/bx/n on input line 78.
LaTeX Font Info:    Redeclaring symbol font `AMSa' on input line 93.
LaTeX Font Info:    Overwriting symbol font `AMSa' in version `normal'
(Font)                  U/msa/m/n --> U/txsya/m/n on input line 93.
LaTeX Font Info:    Overwriting symbol font `AMSa' in version `bold'
(Font)                  U/msa/m/n --> U/txsya/m/n on input line 93.
LaTeX Font Info:    Overwriting symbol font `AMSa' in version `bold'
(Font)                  U/txsya/m/n --> U/txsya/bx/n on input line 94.
LaTeX Font Info:    Redeclaring symbol font `AMSb' on input line 102.
LaTeX Font Info:    Overwriting symbol font `AMSb' in version `normal'
(Font)                  U/msb/m/n --> U/txsyb/m/n on input line 102.
LaTeX Font Info:    Overwriting symbol font `AMSb' in version `bold'
(Font)                  U/msb/m/n --> U/txsyb/m/n on input line 102.
LaTeX Font Info:    Overwriting symbol font `AMSb' in version `bold'
(Font)                  U/txsyb/m/n --> U/txsyb/bx/n on input line 103.
\symsymbolsC=\mathgroup8
LaTeX Font Info:    Overwriting symbol font `symbolsC' in version `bold'
(Font)                  U/txsyc/m/n --> U/txsyc/bx/n on input line 113.
LaTeX Font Info:    Redeclaring symbol font `largesymbols' on input line 120.
LaTeX Font Info:    Overwriting symbol font `largesymbols' in version `normal'
(Font)                  OMX/cmex/m/n --> OMX/txex/m/n on input line 120.
LaTeX Font Info:    Overwriting symbol font `largesymbols' in version `bold'
(Font)                  OMX/cmex/m/n --> OMX/txex/m/n on input line 120.
LaTeX Font Info:    Overwriting symbol font `largesymbols' in version `bold'
(Font)                  OMX/txex/m/n --> OMX/txex/bx/n on input line 121.
\symlargesymbolsA=\mathgroup9
LaTeX Font Info:    Overwriting symbol font `largesymbolsA' in version `bold'
(Font)                  U/txexa/m/n --> U/txexa/bx/n on input line 129.
LaTeX Font Info:    Redeclaring math symbol \mathsterling on input line 164.
LaTeX Info: Redefining \not on input line 1043.
)
(/usr/local/texlive/2020/texmf-dist/tex/latex/hyperref/hyperref.sty
Package: hyperref 2020/01/14 v7.00d Hypertext links for LaTeX

(/usr/local/texlive/2020/texmf-dist/tex/generic/ltxcmds/ltxcmds.sty
Package: ltxcmds 2019/12/15 v1.24 LaTeX kernel commands for general use (HO)
)
(/usr/local/texlive/2020/texmf-dist/tex/latex/pdftexcmds/pdftexcmds.sty
Package: pdftexcmds 2019/11/24 v0.31 Utility functions of pdfTeX for LuaTeX (HO
)

(/usr/local/texlive/2020/texmf-dist/tex/generic/infwarerr/infwarerr.sty
Package: infwarerr 2019/12/03 v1.5 Providing info/warning/error messages (HO)
)
Package pdftexcmds Info: \pdf@primitive is available.
Package pdftexcmds Info: \pdf@ifprimitive is available.
Package pdftexcmds Info: \pdfdraftmode found.
)
(/usr/local/texlive/2020/texmf-dist/tex/generic/kvsetkeys/kvsetkeys.sty
Package: kvsetkeys 2019/12/15 v1.18 Key value parser (HO)
)
(/usr/local/texlive/2020/texmf-dist/tex/generic/kvdefinekeys/kvdefinekeys.sty
Package: kvdefinekeys 2019-12-19 v1.6 Define keys (HO)
)
(/usr/local/texlive/2020/texmf-dist/tex/generic/pdfescape/pdfescape.sty
Package: pdfescape 2019/12/09 v1.15 Implements pdfTeX's escape features (HO)
)
(/usr/local/texlive/2020/texmf-dist/tex/latex/hycolor/hycolor.sty
Package: hycolor 2020-01-27 v1.10 Color options for hyperref/bookmark (HO)
)
(/usr/local/texlive/2020/texmf-dist/tex/latex/letltxmacro/letltxmacro.sty
Package: letltxmacro 2019/12/03 v1.6 Let assignment for LaTeX macros (HO)
)
(/usr/local/texlive/2020/texmf-dist/tex/latex/auxhook/auxhook.sty
Package: auxhook 2019-12-17 v1.6 Hooks for auxiliary files (HO)
)
(/usr/local/texlive/2020/texmf-dist/tex/latex/kvoptions/kvoptions.sty
Package: kvoptions 2019/11/29 v3.13 Key value format for package options (HO)
)
\@linkdim=\dimen160
\Hy@linkcounter=\count290
\Hy@pagecounter=\count291

(/usr/local/texlive/2020/texmf-dist/tex/latex/hyperref/pd1enc.def
File: pd1enc.def 2020/01/14 v7.00d Hyperref: PDFDocEncoding definition (HO)
Now handling font encoding PD1 ...
... no UTF-8 mapping file for font encoding PD1
)
(/usr/local/texlive/2020/texmf-dist/tex/generic/intcalc/intcalc.sty
Package: intcalc 2019/12/15 v1.3 Expandable calculations with integers (HO)
)
(/usr/local/texlive/2020/texmf-dist/tex/generic/etexcmds/etexcmds.sty
Package: etexcmds 2019/12/15 v1.7 Avoid name clashes with e-TeX commands (HO)
)
\Hy@SavedSpaceFactor=\count292
Package hyperref Info: Hyper figures OFF on input line 4547.
Package hyperref Info: Link nesting OFF on input line 4552.
Package hyperref Info: Hyper index ON on input line 4555.
Package hyperref Info: Plain pages OFF on input line 4562.
Package hyperref Info: Backreferencing OFF on input line 4567.
Package hyperref Info: Implicit mode ON; LaTeX internals redefined.
Package hyperref Info: Bookmarks ON on input line 4800.
\c@Hy@tempcnt=\count293
LaTeX Info: Redefining \url on input line 5159.
\XeTeXLinkMargin=\dimen161

(/usr/local/texlive/2020/texmf-dist/tex/generic/bitset/bitset.sty
Package: bitset 2019/12/09 v1.3 Handle bit-vector datatype (HO)

(/usr/local/texlive/2020/texmf-dist/tex/generic/bigintcalc/bigintcalc.sty
Package: bigintcalc 2019/12/15 v1.5 Expandable calculations on big integers (HO
)
))
\Fld@menulength=\count294
\Field@Width=\dimen162
\Fld@charsize=\dimen163
Package hyperref Info: Hyper figures OFF on input line 6430.
Package hyperref Info: Link nesting OFF on input line 6435.
Package hyperref Info: Hyper index ON on input line 6438.
Package hyperref Info: backreferencing OFF on input line 6445.
Package hyperref Info: Link coloring OFF on input line 6450.
Package hyperref Info: Link coloring with OCG OFF on input line 6455.
Package hyperref Info: PDF/A mode OFF on input line 6460.
LaTeX Info: Redefining \ref on input line 6500.
LaTeX Info: Redefining \pageref on input line 6504.

(/usr/local/texlive/2020/texmf-dist/tex/generic/atbegshi/atbegshi.sty
Package: atbegshi 2019/12/05 v1.19 At begin shipout hook (HO)
)
\Hy@abspage=\count295
\c@Item=\count296
\c@Hfootnote=\count297
)
Package hyperref Info: Driver (autodetected): hpdftex.

(/usr/local/texlive/2020/texmf-dist/tex/latex/hyperref/hpdftex.def
File: hpdftex.def 2020/01/14 v7.00d Hyperref driver for pdfTeX

(/usr/local/texlive/2020/texmf-dist/tex/latex/atveryend/atveryend.sty
Package: atveryend 2019-12-11 v1.11 Hooks at the very end of document (HO)
)
\Fld@listcount=\count298
\c@bookmark@seq@number=\count299

(/usr/local/texlive/2020/texmf-dist/tex/latex/rerunfilecheck/rerunfilecheck.sty
Package: rerunfilecheck 2019/12/05 v1.9 Rerun checks for auxiliary files (HO)

(/usr/local/texlive/2020/texmf-dist/tex/generic/uniquecounter/uniquecounter.sty
Package: uniquecounter 2019/12/15 v1.4 Provide unlimited unique counter (HO)
)
Package uniquecounter Info: New unique counter `rerunfilecheck' on input line 2
86.
)
\Hy@SectionHShift=\skip129
)
Package hyperref Info: Option `colorlinks' set `true' on input line 30.
 (/usr/local/texlive/2020/texmf-dist/tex/latex/float/float.sty
Package: float 2001/11/08 v1.3d Float enhancements (AL)
\c@float@type=\count300
\float@exts=\toks30
\float@box=\box59
\@float@everytoks=\toks31
\@floatcapt=\box60
)
(/usr/local/texlive/2020/texmf-dist/tex/latex/subfigure/subfigure.sty
Package: subfigure 2002/03/15 v2.1.5 subfigure package
\subfigtopskip=\skip130
\subfigcapskip=\skip131
\subfigcaptopadj=\dimen164
\subfigbottomskip=\skip132
\subfigcapmargin=\dimen165
\subfiglabelskip=\skip133
\c@subfigure=\count301
\c@lofdepth=\count302
\c@subtable=\count303
\c@lotdepth=\count304

****************************************
* Local config file subfigure.cfg used *
****************************************
(/usr/local/texlive/2020/texmf-dist/tex/latex/subfigure/subfigure.cfg)
\subfig@top=\skip134
\subfig@bottom=\skip135
)
(/usr/local/texlive/2020/texmf-dist/tex/latex/l3backend/l3backend-pdfmode.def
File: l3backend-pdfmode.def 2020-03-12 L3 backend support: PDF mode
\l__kernel_color_stack_int=\count305
\l__pdf_internal_box=\box61
)
(./nb-step-4-solution.aux)
\openout1 = `nb-step-4-solution.aux'.

LaTeX Font Info:    Checking defaults for OML/txmi/m/it on input line 86.
LaTeX Font Info:    Trying to load font information for OML+txmi on input line 
86.

(/usr/local/texlive/2020/texmf-dist/tex/latex/txfonts/omltxmi.fd
File: omltxmi.fd 2000/12/15 v3.1
)
LaTeX Font Info:    ... okay on input line 86.
LaTeX Font Info:    Checking defaults for OMS/txsy/m/n on input line 86.
LaTeX Font Info:    Trying to load font information for OMS+txsy on input line 
86.

(/usr/local/texlive/2020/texmf-dist/tex/latex/txfonts/omstxsy.fd
File: omstxsy.fd 2000/12/15 v3.1
)
LaTeX Font Info:    ... okay on input line 86.
LaTeX Font Info:    Checking defaults for OT1/cmr/m/n on input line 86.
LaTeX Font Info:    ... okay on input line 86.
LaTeX Font Info:    Checking defaults for T1/cmr/m/n on input line 86.
LaTeX Font Info:    ... okay on input line 86.
LaTeX Font Info:    Checking defaults for TS1/cmr/m/n on input line 86.
LaTeX Font Info:    ... okay on input line 86.
LaTeX Font Info:    Checking defaults for OMX/txex/m/n on input line 86.
LaTeX Font Info:    Trying to load font information for OMX+txex on input line 
86.

(/usr/local/texlive/2020/texmf-dist/tex/latex/txfonts/omxtxex.fd
File: omxtxex.fd 2000/12/15 v3.1
)
LaTeX Font Info:    ... okay on input line 86.
LaTeX Font Info:    Checking defaults for U/txexa/m/n on input line 86.
LaTeX Font Info:    Trying to load font information for U+txexa on input line 8
6.

(/usr/local/texlive/2020/texmf-dist/tex/latex/txfonts/utxexa.fd
File: utxexa.fd 2000/12/15 v3.1
)
LaTeX Font Info:    ... okay on input line 86.
LaTeX Font Info:    Checking defaults for PD1/pdf/m/n on input line 86.
LaTeX Font Info:    ... okay on input line 86.
LaTeX Font Info:    Trying to load font information for T1+txr on input line 86
.

(/usr/local/texlive/2020/texmf-dist/tex/latex/txfonts/t1txr.fd
File: t1txr.fd 2000/12/15 v3.1
)
*geometry* detected driver: pdftex
*geometry* verbose mode - [ preamble ] result:
* driver: pdftex
* paper: a4paper
* layout: <same size as paper>
* layoutoffset:(h,v)=(0.0pt,0.0pt)
* modes: twoside 
* h-part:(L,W,R)=(36.98859pt, 523.5307pt, 36.98859pt)
* v-part:(T,H,B)=(56.01874pt, 705.0pt, 84.0281pt)
* \paperwidth=597.50787pt
* \paperheight=845.04684pt
* \textwidth=523.5307pt
* \textheight=705.0pt
* \oddsidemargin=-35.2814pt
* \evensidemargin=-35.2814pt
* \topmargin=-40.25125pt
* \headheight=12.0pt
* \headsep=12.0pt
* \topskip=10.0pt
* \footskip=20.0pt
* \marginparwidth=0.0pt
* \marginparsep=0.0pt
* \columnsep=11.38109pt
* \skip\footins=9.0pt plus 4.0pt minus 2.0pt
* \hoffset=0.0pt
* \voffset=0.0pt
* \mag=1000
* \@twocolumntrue
* \@twosidetrue
* \@mparswitchtrue
* \@reversemarginfalse
* (1in=72.27pt=25.4mm, 1cm=28.453pt)

(/usr/local/texlive/2020/texmf-dist/tex/context/base/mkii/supp-pdf.mkii
[Loading MPS to PDF converter (version 2006.09.02).]
\scratchcounter=\count306
\scratchdimen=\dimen166
\scratchbox=\box62
\nofMPsegments=\count307
\nofMParguments=\count308
\everyMPshowfont=\toks32
\MPscratchCnt=\count309
\MPscratchDim=\dimen167
\MPnumerator=\count310
\makeMPintoPDFobject=\count311
\everyMPtoPDFconversion=\toks33
) (/usr/local/texlive/2020/texmf-dist/tex/latex/epstopdf-pkg/epstopdf-base.sty
Package: epstopdf-base 2020-01-24 v2.11 Base part for package epstopdf
Package epstopdf-base Info: Redefining graphics rule for `.eps' on input line 4
85.

(/usr/local/texlive/2020/texmf-dist/tex/latex/latexconfig/epstopdf-sys.cfg
File: epstopdf-sys.cfg 2010/07/13 v1.3 Configuration of (r)epstopdf for TeX Liv
e
))
\AtBeginShipoutBox=\box63

(/usr/local/texlive/2020/texmf-dist/tex/latex/graphics/color.sty
Package: color 2019/11/23 v1.2a Standard LaTeX Color (DPC)

(/usr/local/texlive/2020/texmf-dist/tex/latex/graphics-cfg/color.cfg
File: color.cfg 2016/01/02 v1.6 sample color configuration
)
Package color Info: Driver file: pdftex.def on input line 147.
)
Package hyperref Info: Link coloring ON on input line 86.

(/usr/local/texlive/2020/texmf-dist/tex/latex/hyperref/nameref.sty
Package: nameref 2019/09/16 v2.46 Cross-referencing by name of section

(/usr/local/texlive/2020/texmf-dist/tex/latex/refcount/refcount.sty
Package: refcount 2019/12/15 v3.6 Data extraction from label references (HO)
)
(/usr/local/texlive/2020/texmf-dist/tex/generic/gettitlestring/gettitlestring.s
ty
Package: gettitlestring 2019/12/15 v1.6 Cleanup title references (HO)
)
\c@section@level=\count312
)
LaTeX Info: Redefining \ref on input line 86.
LaTeX Info: Redefining \pageref on input line 86.
LaTeX Info: Redefining \nameref on input line 86.
 (./nb-step-4-solution.out) (./nb-step-4-solution.out)
\@outlinefile=\write3
\openout3 = `nb-step-4-solution.out'.

LaTeX Font Info:    Font shape `T1/txr/b/n' in size <14.4> not available
(Font)              Font shape `T1/txr/bx/n' tried instead on input line 112.
LaTeX Font Info:    Font shape `T1/txr/b/n' in size <10.95> not available
(Font)              Font shape `T1/txr/bx/n' tried instead on input line 112.
LaTeX Font Info:    Trying to load font information for T1+txss on input line 1
16.

(/usr/local/texlive/2020/texmf-dist/tex/latex/txfonts/t1txss.fd
File: t1txss.fd 2000/12/15 v3.1
)
LaTeX Font Info:    Font shape `T1/txss/m/n' will be
(Font)              scaled to size 10.40245pt on input line 116.
LaTeX Font Info:    Font shape `T1/txss/b/n' in size <10.95> not available
(Font)              Font shape `T1/txss/bx/n' tried instead on input line 116.
LaTeX Font Info:    Font shape `T1/txss/bx/n' will be
(Font)              scaled to size 10.40245pt on input line 116.
LaTeX Font Info:    Trying to load font information for OT1+txr on input line 1
16.

(/usr/local/texlive/2020/texmf-dist/tex/latex/txfonts/ot1txr.fd
File: ot1txr.fd 2000/12/15 v3.1
)
LaTeX Font Info:    Trying to load font information for U+txsya on input line 1
16.

(/usr/local/texlive/2020/texmf-dist/tex/latex/txfonts/utxsya.fd
File: utxsya.fd 2000/12/15 v3.1
)
LaTeX Font Info:    Trying to load font information for U+txsyb on input line 1
16.

(/usr/local/texlive/2020/texmf-dist/tex/latex/txfonts/utxsyb.fd
File: utxsyb.fd 2000/12/15 v3.1
)
LaTeX Font Info:    Trying to load font information for U+txmia on input line 1
16.

(/usr/local/texlive/2020/texmf-dist/tex/latex/txfonts/utxmia.fd
File: utxmia.fd 2000/12/15 v3.1
)
LaTeX Font Info:    Trying to load font information for U+txsyc on input line 1
16.

(/usr/local/texlive/2020/texmf-dist/tex/latex/txfonts/utxsyc.fd
File: utxsyc.fd 2000/12/15 v3.1
)
Package epstopdf Info: Source file: <figs/spin-vs-nb-step-def.eps>
(epstopdf)                    date: 2021-06-09 15:22:50
(epstopdf)                    size: 30994 bytes
(epstopdf)             Output file: <figs/spin-vs-nb-step-def-eps-converted-to.
pdf>
(epstopdf)                    date: 2021-06-09 15:38:43
(epstopdf)                    size: 16583 bytes
(epstopdf)             Command: <repstopdf --outfile=figs/spin-vs-nb-step-def-e
ps-converted-to.pdf figs/spin-vs-nb-step-def.eps>
(epstopdf)             \includegraphics on input line 164.
Package epstopdf Info: Output file is already uptodate.
<figs/spin-vs-nb-step-def-eps-converted-to.pdf, id=22, 433.62pt x 289.08pt>
File: figs/spin-vs-nb-step-def-eps-converted-to.pdf Graphic file (type pdf)
<use figs/spin-vs-nb-step-def-eps-converted-to.pdf>
Package pdftex.def Info: figs/spin-vs-nb-step-def-eps-converted-to.pdf  used on
 input line 164.
(pdftex.def)             Requested size: 227.62204pt x 151.74721pt.
Package epstopdf Info: Source file: <figs/spin-axis-vs-nb-step-def.eps>
(epstopdf)                    date: 2021-06-09 15:22:51
(epstopdf)                    size: 38483 bytes
(epstopdf)             Output file: <figs/spin-axis-vs-nb-step-def-eps-converte
d-to.pdf>
(epstopdf)                    date: 2021-06-09 15:38:44
(epstopdf)                    size: 17365 bytes
(epstopdf)             Command: <repstopdf --outfile=figs/spin-axis-vs-nb-step-
def-eps-converted-to.pdf figs/spin-axis-vs-nb-step-def.eps>
(epstopdf)             \includegraphics on input line 165.
Package epstopdf Info: Output file is already uptodate.
<figs/spin-axis-vs-nb-step-def-eps-converted-to.pdf, id=23, 433.62pt x 289.08pt
>
File: figs/spin-axis-vs-nb-step-def-eps-converted-to.pdf Graphic file (type pdf
)
<use figs/spin-axis-vs-nb-step-def-eps-converted-to.pdf>
Package pdftex.def Info: figs/spin-axis-vs-nb-step-def-eps-converted-to.pdf  us
ed on input line 165.
(pdftex.def)             Requested size: 227.62204pt x 151.74721pt.
Package epstopdf Info: Source file: <figs/glide-vs-nb-step-def.eps>
(epstopdf)                    date: 2021-06-09 15:22:51
(epstopdf)                    size: 34586 bytes
(epstopdf)             Output file: <figs/glide-vs-nb-step-def-eps-converted-to
.pdf>
(epstopdf)                    date: 2021-06-09 15:38:44
(epstopdf)                    size: 16939 bytes
(epstopdf)             Command: <repstopdf --outfile=figs/glide-vs-nb-step-def-
eps-converted-to.pdf figs/glide-vs-nb-step-def.eps>
(epstopdf)             \includegraphics on input line 166.
Package epstopdf Info: Output file is already uptodate.
<figs/glide-vs-nb-step-def-eps-converted-to.pdf, id=24, 433.62pt x 289.08pt>
File: figs/glide-vs-nb-step-def-eps-converted-to.pdf Graphic file (type pdf)
<use figs/glide-vs-nb-step-def-eps-converted-to.pdf>
Package pdftex.def Info: figs/glide-vs-nb-step-def-eps-converted-to.pdf  used o
n input line 166.
(pdftex.def)             Requested size: 227.62204pt x 151.74721pt.
Package epstopdf Info: Source file: <figs/glide-axis-vs-nb-step-def.eps>
(epstopdf)                    date: 2021-06-09 15:22:52
(epstopdf)                    size: 39078 bytes
(epstopdf)             Output file: <figs/glide-axis-vs-nb-step-def-eps-convert
ed-to.pdf>
(epstopdf)                    date: 2021-06-09 15:38:44
(epstopdf)                    size: 18041 bytes
(epstopdf)             Command: <repstopdf --outfile=figs/glide-axis-vs-nb-step
-def-eps-converted-to.pdf figs/glide-axis-vs-nb-step-def.eps>
(epstopdf)             \includegraphics on input line 167.
Package epstopdf Info: Output file is already uptodate.
<figs/glide-axis-vs-nb-step-def-eps-converted-to.pdf, id=25, 433.62pt x 289.08p
t>
File: figs/glide-axis-vs-nb-step-def-eps-converted-to.pdf Graphic file (type pd
f)
<use figs/glide-axis-vs-nb-step-def-eps-converted-to.pdf>
Package pdftex.def Info: figs/glide-axis-vs-nb-step-def-eps-converted-to.pdf  u
sed on input line 167.
(pdftex.def)             Requested size: 227.62204pt x 151.74721pt.
LaTeX Font Info:    Font shape `T1/txr/b/n' in size <9> not available
(Font)              Font shape `T1/txr/bx/n' tried instead on input line 170.
Package epstopdf Info: Source file: <figs/spin-vs-nb-step-all.eps>
(epstopdf)                    date: 2021-06-09 15:22:52
(epstopdf)                    size: 34534 bytes
(epstopdf)             Output file: <figs/spin-vs-nb-step-all-eps-converted-to.
pdf>
(epstopdf)                    date: 2021-06-09 15:48:15
(epstopdf)                    size: 16981 bytes
(epstopdf)             Command: <repstopdf --outfile=figs/spin-vs-nb-step-all-e
ps-converted-to.pdf figs/spin-vs-nb-step-all.eps>
(epstopdf)             \includegraphics on input line 179.
Package epstopdf Info: Output file is already uptodate.
<figs/spin-vs-nb-step-all-eps-converted-to.pdf, id=26, 433.62pt x 289.08pt>
File: figs/spin-vs-nb-step-all-eps-converted-to.pdf Graphic file (type pdf)
<use figs/spin-vs-nb-step-all-eps-converted-to.pdf>
Package pdftex.def Info: figs/spin-vs-nb-step-all-eps-converted-to.pdf  used on
 input line 179.
(pdftex.def)             Requested size: 227.62204pt x 151.74721pt.
Package epstopdf Info: Source file: <figs/spin-axis-vs-nb-step-all.eps>
(epstopdf)                    date: 2021-06-09 15:22:53
(epstopdf)                    size: 37179 bytes
(epstopdf)             Output file: <figs/spin-axis-vs-nb-step-all-eps-converte
d-to.pdf>
(epstopdf)                    date: 2021-06-09 15:48:15
(epstopdf)                    size: 17885 bytes
(epstopdf)             Command: <repstopdf --outfile=figs/spin-axis-vs-nb-step-
all-eps-converted-to.pdf figs/spin-axis-vs-nb-step-all.eps>
(epstopdf)             \includegraphics on input line 180.
Package epstopdf Info: Output file is already uptodate.
<figs/spin-axis-vs-nb-step-all-eps-converted-to.pdf, id=27, 433.62pt x 289.08pt
>
File: figs/spin-axis-vs-nb-step-all-eps-converted-to.pdf Graphic file (type pdf
)
<use figs/spin-axis-vs-nb-step-all-eps-converted-to.pdf>
Package pdftex.def Info: figs/spin-axis-vs-nb-step-all-eps-converted-to.pdf  us
ed on input line 180.
(pdftex.def)             Requested size: 227.62204pt x 151.74721pt.
Package epstopdf Info: Source file: <figs/glide-vs-nb-step-all.eps>
(epstopdf)                    date: 2021-06-09 15:22:53
(epstopdf)                    size: 33725 bytes
(epstopdf)             Output file: <figs/glide-vs-nb-step-all-eps-converted-to
.pdf>
(epstopdf)                    date: 2021-06-09 15:48:16
(epstopdf)                    size: 16987 bytes
(epstopdf)             Command: <repstopdf --outfile=figs/glide-vs-nb-step-all-
eps-converted-to.pdf figs/glide-vs-nb-step-all.eps>
(epstopdf)             \includegraphics on input line 181.
Package epstopdf Info: Output file is already uptodate.
<figs/glide-vs-nb-step-all-eps-converted-to.pdf, id=28, 433.62pt x 289.08pt>
File: figs/glide-vs-nb-step-all-eps-converted-to.pdf Graphic file (type pdf)
<use figs/glide-vs-nb-step-all-eps-converted-to.pdf>
Package pdftex.def Info: figs/glide-vs-nb-step-all-eps-converted-to.pdf  used o
n input line 181.
(pdftex.def)             Requested size: 227.62204pt x 151.74721pt.
Package epstopdf Info: Source file: <figs/glide-axis-vs-nb-step-all.eps>
(epstopdf)                    date: 2021-06-09 15:22:54
(epstopdf)                    size: 38122 bytes
(epstopdf)             Output file: <figs/glide-axis-vs-nb-step-all-eps-convert
ed-to.pdf>
(epstopdf)                    date: 2021-06-09 15:48:16
(epstopdf)                    size: 16993 bytes
(epstopdf)             Command: <repstopdf --outfile=figs/glide-axis-vs-nb-step
-all-eps-converted-to.pdf figs/glide-axis-vs-nb-step-all.eps>
(epstopdf)             \includegraphics on input line 182.
Package epstopdf Info: Output file is already uptodate.
<figs/glide-axis-vs-nb-step-all-eps-converted-to.pdf, id=29, 433.62pt x 289.08p
t>
File: figs/glide-axis-vs-nb-step-all-eps-converted-to.pdf Graphic file (type pd
f)
<use figs/glide-axis-vs-nb-step-all-eps-converted-to.pdf>
Package pdftex.def Info: figs/glide-axis-vs-nb-step-all-eps-converted-to.pdf  u
sed on input line 182.
(pdftex.def)             Requested size: 227.62204pt x 151.74721pt.
Package epstopdf Info: Source file: <figs/spin-from-apm-nju-4step.eps>
(epstopdf)                    date: 2021-06-09 15:15:51
(epstopdf)                    size: 44630 bytes
(epstopdf)             Output file: <figs/spin-from-apm-nju-4step-eps-converted
-to.pdf>
(epstopdf)                    date: 2021-06-09 15:38:45
(epstopdf)                    size: 24893 bytes
(epstopdf)             Command: <repstopdf --outfile=figs/spin-from-apm-nju-4st
ep-eps-converted-to.pdf figs/spin-from-apm-nju-4step.eps>
(epstopdf)             \includegraphics on input line 192.
Package epstopdf Info: Output file is already uptodate.
<figs/spin-from-apm-nju-4step-eps-converted-to.pdf, id=30, 578.16pt x 433.62pt>

File: figs/spin-from-apm-nju-4step-eps-converted-to.pdf Graphic file (type pdf)

<use figs/spin-from-apm-nju-4step-eps-converted-to.pdf>
Package pdftex.def Info: figs/spin-from-apm-nju-4step-eps-converted-to.pdf  use
d on input line 192.
(pdftex.def)             Requested size: 227.62204pt x 170.71231pt.
Package epstopdf Info: Source file: <figs/glide-from-apm-nju-4step.eps>
(epstopdf)                    date: 2021-06-09 15:15:52
(epstopdf)                    size: 44677 bytes
(epstopdf)             Output file: <figs/glide-from-apm-nju-4step-eps-converte
d-to.pdf>
(epstopdf)                    date: 2021-06-09 15:38:45
(epstopdf)                    size: 24601 bytes
(epstopdf)             Command: <repstopdf --outfile=figs/glide-from-apm-nju-4s
tep-eps-converted-to.pdf figs/glide-from-apm-nju-4step.eps>
(epstopdf)             \includegraphics on input line 193.
Package epstopdf Info: Output file is already uptodate.
<figs/glide-from-apm-nju-4step-eps-converted-to.pdf, id=31, 578.16pt x 433.62pt
>
File: figs/glide-from-apm-nju-4step-eps-converted-to.pdf Graphic file (type pdf
)
<use figs/glide-from-apm-nju-4step-eps-converted-to.pdf>
Package pdftex.def Info: figs/glide-from-apm-nju-4step-eps-converted-to.pdf  us
ed on input line 193.
(pdftex.def)             Requested size: 227.62204pt x 170.71231pt.
Package epstopdf Info: Source file: <figs/spin-from-apm-nju-8step.eps>
(epstopdf)                    date: 2021-06-09 15:16:02
(epstopdf)                    size: 44602 bytes
(epstopdf)             Output file: <figs/spin-from-apm-nju-8step-eps-converted
-to.pdf>
(epstopdf)                    date: 2021-06-09 15:38:46
(epstopdf)                    size: 24845 bytes
(epstopdf)             Command: <repstopdf --outfile=figs/spin-from-apm-nju-8st
ep-eps-converted-to.pdf figs/spin-from-apm-nju-8step.eps>
(epstopdf)             \includegraphics on input line 194.
Package epstopdf Info: Output file is already uptodate.
<figs/spin-from-apm-nju-8step-eps-converted-to.pdf, id=32, 578.16pt x 433.62pt>

File: figs/spin-from-apm-nju-8step-eps-converted-to.pdf Graphic file (type pdf)

<use figs/spin-from-apm-nju-8step-eps-converted-to.pdf>
Package pdftex.def Info: figs/spin-from-apm-nju-8step-eps-converted-to.pdf  use
d on input line 194.
(pdftex.def)             Requested size: 227.62204pt x 170.71231pt.
Package epstopdf Info: Source file: <figs/glide-from-apm-nju-8step.eps>
(epstopdf)                    date: 2021-06-09 15:16:03
(epstopdf)                    size: 44726 bytes
(epstopdf)             Output file: <figs/glide-from-apm-nju-8step-eps-converte
d-to.pdf>
(epstopdf)                    date: 2021-06-09 15:38:46
(epstopdf)                    size: 24640 bytes
(epstopdf)             Command: <repstopdf --outfile=figs/glide-from-apm-nju-8s
tep-eps-converted-to.pdf figs/glide-from-apm-nju-8step.eps>
(epstopdf)             \includegraphics on input line 195.
Package epstopdf Info: Output file is already uptodate.
<figs/glide-from-apm-nju-8step-eps-converted-to.pdf, id=33, 578.16pt x 433.62pt
>
File: figs/glide-from-apm-nju-8step-eps-converted-to.pdf Graphic file (type pdf
)
<use figs/glide-from-apm-nju-8step-eps-converted-to.pdf>
Package pdftex.def Info: figs/glide-from-apm-nju-8step-eps-converted-to.pdf  us
ed on input line 195.
(pdftex.def)             Requested size: 227.62204pt x 170.71231pt.
Package epstopdf Info: Source file: <figs/spin-from-apm-nju-10step.eps>
(epstopdf)                    date: 2021-06-09 15:15:32
(epstopdf)                    size: 44750 bytes
(epstopdf)             Output file: <figs/spin-from-apm-nju-10step-eps-converte
d-to.pdf>
(epstopdf)                    date: 2021-06-09 15:38:47
(epstopdf)                    size: 24936 bytes
(epstopdf)             Command: <repstopdf --outfile=figs/spin-from-apm-nju-10s
tep-eps-converted-to.pdf figs/spin-from-apm-nju-10step.eps>
(epstopdf)             \includegraphics on input line 196.
Package epstopdf Info: Output file is already uptodate.
<figs/spin-from-apm-nju-10step-eps-converted-to.pdf, id=34, 578.16pt x 433.62pt
>
File: figs/spin-from-apm-nju-10step-eps-converted-to.pdf Graphic file (type pdf
)
<use figs/spin-from-apm-nju-10step-eps-converted-to.pdf>
Package pdftex.def Info: figs/spin-from-apm-nju-10step-eps-converted-to.pdf  us
ed on input line 196.
(pdftex.def)             Requested size: 227.62204pt x 170.71231pt.
Package epstopdf Info: Source file: <figs/glide-from-apm-nju-10step.eps>
(epstopdf)                    date: 2021-06-09 15:15:33
(epstopdf)                    size: 44800 bytes
(epstopdf)             Output file: <figs/glide-from-apm-nju-10step-eps-convert
ed-to.pdf>
(epstopdf)                    date: 2021-06-09 15:38:47
(epstopdf)                    size: 24616 bytes
(epstopdf)             Command: <repstopdf --outfile=figs/glide-from-apm-nju-10
step-eps-converted-to.pdf figs/glide-from-apm-nju-10step.eps>
(epstopdf)             \includegraphics on input line 197.
Package epstopdf Info: Output file is already uptodate.
<figs/glide-from-apm-nju-10step-eps-converted-to.pdf, id=35, 578.16pt x 433.62p
t>
File: figs/glide-from-apm-nju-10step-eps-converted-to.pdf Graphic file (type pd
f)
<use figs/glide-from-apm-nju-10step-eps-converted-to.pdf>
Package pdftex.def Info: figs/glide-from-apm-nju-10step-eps-converted-to.pdf  u
sed on input line 197.
(pdftex.def)             Requested size: 227.62204pt x 170.71231pt.
Package epstopdf Info: Source file: <figs/spin-from-apm-nju-20step.eps>
(epstopdf)                    date: 2021-06-09 15:15:22
(epstopdf)                    size: 44686 bytes
(epstopdf)             Output file: <figs/spin-from-apm-nju-20step-eps-converte
d-to.pdf>
(epstopdf)                    date: 2021-06-09 15:38:47
(epstopdf)                    size: 24919 bytes
(epstopdf)             Command: <repstopdf --outfile=figs/spin-from-apm-nju-20s
tep-eps-converted-to.pdf figs/spin-from-apm-nju-20step.eps>
(epstopdf)             \includegraphics on input line 198.
Package epstopdf Info: Output file is already uptodate.
<figs/spin-from-apm-nju-20step-eps-converted-to.pdf, id=36, 578.16pt x 433.62pt
>
File: figs/spin-from-apm-nju-20step-eps-converted-to.pdf Graphic file (type pdf
)
<use figs/spin-from-apm-nju-20step-eps-converted-to.pdf>
Package pdftex.def Info: figs/spin-from-apm-nju-20step-eps-converted-to.pdf  us
ed on input line 198.
(pdftex.def)             Requested size: 227.62204pt x 170.71231pt.
Package epstopdf Info: Source file: <figs/glide-from-apm-nju-20step.eps>
(epstopdf)                    date: 2021-06-09 15:15:23
(epstopdf)                    size: 44798 bytes
(epstopdf)             Output file: <figs/glide-from-apm-nju-20step-eps-convert
ed-to.pdf>
(epstopdf)                    date: 2021-06-09 15:38:48
(epstopdf)                    size: 24585 bytes
(epstopdf)             Command: <repstopdf --outfile=figs/glide-from-apm-nju-20
step-eps-converted-to.pdf figs/glide-from-apm-nju-20step.eps>
(epstopdf)             \includegraphics on input line 199.
Package epstopdf Info: Output file is already uptodate.
<figs/glide-from-apm-nju-20step-eps-converted-to.pdf, id=37, 578.16pt x 433.62p
t>
File: figs/glide-from-apm-nju-20step-eps-converted-to.pdf Graphic file (type pd
f)
<use figs/glide-from-apm-nju-20step-eps-converted-to.pdf>
Package pdftex.def Info: figs/glide-from-apm-nju-20step-eps-converted-to.pdf  u
sed on input line 199.
(pdftex.def)             Requested size: 227.62204pt x 170.71231pt.


LaTeX Warning: Float too large for page by 7.79774pt on input line 204.

Package epstopdf Info: Source file: <figs/orient-from-yearly-ts-nju.eps>
(epstopdf)                    date: 2021-06-09 11:29:20
(epstopdf)                    size: 58899 bytes
(epstopdf)             Output file: <figs/orient-from-yearly-ts-nju-eps-convert
ed-to.pdf>
(epstopdf)                    date: 2021-06-09 15:38:48
(epstopdf)                    size: 31553 bytes
(epstopdf)             Command: <repstopdf --outfile=figs/orient-from-yearly-ts
-nju-eps-converted-to.pdf figs/orient-from-yearly-ts-nju.eps>
(epstopdf)             \includegraphics on input line 221.
Package epstopdf Info: Output file is already uptodate.
<figs/orient-from-yearly-ts-nju-eps-converted-to.pdf, id=40, 578.16pt x 433.62p
t>
File: figs/orient-from-yearly-ts-nju-eps-converted-to.pdf Graphic file (type pd
f)
<use figs/orient-from-yearly-ts-nju-eps-converted-to.pdf>
Package pdftex.def Info: figs/orient-from-yearly-ts-nju-eps-converted-to.pdf  u
sed on input line 221.
(pdftex.def)             Requested size: 213.39566pt x 160.04651pt.
Package epstopdf Info: Source file: <figs/orient-from-yearly-ts-nju-8step.eps>
(epstopdf)                    date: 2021-06-09 11:29:58
(epstopdf)                    size: 58905 bytes
(epstopdf)             Output file: <figs/orient-from-yearly-ts-nju-8step-eps-c
onverted-to.pdf>
(epstopdf)                    date: 2021-06-09 15:38:49
(epstopdf)                    size: 31637 bytes
(epstopdf)             Command: <repstopdf --outfile=figs/orient-from-yearly-ts
-nju-8step-eps-converted-to.pdf figs/orient-from-yearly-ts-nju-8step.eps>
(epstopdf)             \includegraphics on input line 222.
Package epstopdf Info: Output file is already uptodate.
<figs/orient-from-yearly-ts-nju-8step-eps-converted-to.pdf, id=41, 578.16pt x 4
33.62pt>
File: figs/orient-from-yearly-ts-nju-8step-eps-converted-to.pdf Graphic file (t
ype pdf)
<use figs/orient-from-yearly-ts-nju-8step-eps-converted-to.pdf>
Package pdftex.def Info: figs/orient-from-yearly-ts-nju-8step-eps-converted-to.
pdf  used on input line 222.
(pdftex.def)             Requested size: 213.39566pt x 160.04651pt.
Package epstopdf Info: Source file: <figs/orient-from-yearly-ts-nju-10step.eps>

(epstopdf)                    date: 2021-06-09 11:32:02
(epstopdf)                    size: 58915 bytes
(epstopdf)             Output file: <figs/orient-from-yearly-ts-nju-10step-eps-
converted-to.pdf>
(epstopdf)                    date: 2021-06-09 15:38:49
(epstopdf)                    size: 31629 bytes
(epstopdf)             Command: <repstopdf --outfile=figs/orient-from-yearly-ts
-nju-10step-eps-converted-to.pdf figs/orient-from-yearly-ts-nju-10step.eps>
(epstopdf)             \includegraphics on input line 223.
Package epstopdf Info: Output file is already uptodate.
<figs/orient-from-yearly-ts-nju-10step-eps-converted-to.pdf, id=42, 578.16pt x 
433.62pt>
File: figs/orient-from-yearly-ts-nju-10step-eps-converted-to.pdf Graphic file (
type pdf)
<use figs/orient-from-yearly-ts-nju-10step-eps-converted-to.pdf>
Package pdftex.def Info: figs/orient-from-yearly-ts-nju-10step-eps-converted-to
.pdf  used on input line 223.
(pdftex.def)             Requested size: 213.39566pt x 160.04651pt.
Package epstopdf Info: Source file: <figs/orient-from-yearly-ts-nju-20step.eps>

(epstopdf)                    date: 2021-06-09 11:33:40
(epstopdf)                    size: 58896 bytes
(epstopdf)             Output file: <figs/orient-from-yearly-ts-nju-20step-eps-
converted-to.pdf>
(epstopdf)                    date: 2021-06-09 15:38:49
(epstopdf)                    size: 31521 bytes
(epstopdf)             Command: <repstopdf --outfile=figs/orient-from-yearly-ts
-nju-20step-eps-converted-to.pdf figs/orient-from-yearly-ts-nju-20step.eps>
(epstopdf)             \includegraphics on input line 224.
Package epstopdf Info: Output file is already uptodate.
<figs/orient-from-yearly-ts-nju-20step-eps-converted-to.pdf, id=43, 578.16pt x 
433.62pt>
File: figs/orient-from-yearly-ts-nju-20step-eps-converted-to.pdf Graphic file (
type pdf)
<use figs/orient-from-yearly-ts-nju-20step-eps-converted-to.pdf>
Package pdftex.def Info: figs/orient-from-yearly-ts-nju-20step-eps-converted-to
.pdf  used on input line 224.
(pdftex.def)             Requested size: 213.39566pt x 160.04651pt.
Package epstopdf Info: Source file: <figs/glide-from-yearly-ts-nju.eps>
(epstopdf)                    date: 2021-06-09 11:29:20
(epstopdf)                    size: 56596 bytes
(epstopdf)             Output file: <figs/glide-from-yearly-ts-nju-eps-converte
d-to.pdf>
(epstopdf)                    date: 2021-06-09 15:38:50
(epstopdf)                    size: 30493 bytes
(epstopdf)             Command: <repstopdf --outfile=figs/glide-from-yearly-ts-
nju-eps-converted-to.pdf figs/glide-from-yearly-ts-nju.eps>
(epstopdf)             \includegraphics on input line 236.
Package epstopdf Info: Output file is already uptodate.
<figs/glide-from-yearly-ts-nju-eps-converted-to.pdf, id=44, 578.16pt x 433.62pt
>
File: figs/glide-from-yearly-ts-nju-eps-converted-to.pdf Graphic file (type pdf
)
<use figs/glide-from-yearly-ts-nju-eps-converted-to.pdf>
Package pdftex.def Info: figs/glide-from-yearly-ts-nju-eps-converted-to.pdf  us
ed on input line 236.
(pdftex.def)             Requested size: 213.39566pt x 160.04651pt.
Package epstopdf Info: Source file: <figs/glide-from-yearly-ts-nju-8step.eps>
(epstopdf)                    date: 2021-06-09 11:29:57
(epstopdf)                    size: 56600 bytes
(epstopdf)             Output file: <figs/glide-from-yearly-ts-nju-8step-eps-co
nverted-to.pdf>
(epstopdf)                    date: 2021-06-09 15:38:50
(epstopdf)                    size: 30417 bytes
(epstopdf)             Command: <repstopdf --outfile=figs/glide-from-yearly-ts-
nju-8step-eps-converted-to.pdf figs/glide-from-yearly-ts-nju-8step.eps>
(epstopdf)             \includegraphics on input line 237.
Package epstopdf Info: Output file is already uptodate.
<figs/glide-from-yearly-ts-nju-8step-eps-converted-to.pdf, id=45, 578.16pt x 43
3.62pt>
File: figs/glide-from-yearly-ts-nju-8step-eps-converted-to.pdf Graphic file (ty
pe pdf)
<use figs/glide-from-yearly-ts-nju-8step-eps-converted-to.pdf>
Package pdftex.def Info: figs/glide-from-yearly-ts-nju-8step-eps-converted-to.p
df  used on input line 237.
(pdftex.def)             Requested size: 213.39566pt x 160.04651pt.
Package epstopdf Info: Source file: <figs/glide-from-yearly-ts-nju-10step.eps>
(epstopdf)                    date: 2021-06-09 11:32:02
(epstopdf)                    size: 56653 bytes
(epstopdf)             Output file: <figs/glide-from-yearly-ts-nju-10step-eps-c
onverted-to.pdf>
(epstopdf)                    date: 2021-06-09 15:38:51
(epstopdf)                    size: 30461 bytes
(epstopdf)             Command: <repstopdf --outfile=figs/glide-from-yearly-ts-
nju-10step-eps-converted-to.pdf figs/glide-from-yearly-ts-nju-10step.eps>
(epstopdf)             \includegraphics on input line 238.
Package epstopdf Info: Output file is already uptodate.
<figs/glide-from-yearly-ts-nju-10step-eps-converted-to.pdf, id=46, 578.16pt x 4
33.62pt>
File: figs/glide-from-yearly-ts-nju-10step-eps-converted-to.pdf Graphic file (t
ype pdf)
<use figs/glide-from-yearly-ts-nju-10step-eps-converted-to.pdf>
Package pdftex.def Info: figs/glide-from-yearly-ts-nju-10step-eps-converted-to.
pdf  used on input line 238.
(pdftex.def)             Requested size: 213.39566pt x 160.04651pt.
Package epstopdf Info: Source file: <figs/glide-from-yearly-ts-nju-20step.eps>
(epstopdf)                    date: 2021-06-09 11:33:39
(epstopdf)                    size: 56611 bytes
(epstopdf)             Output file: <figs/glide-from-yearly-ts-nju-20step-eps-c
onverted-to.pdf>
(epstopdf)                    date: 2021-06-09 15:38:51
(epstopdf)                    size: 30464 bytes
(epstopdf)             Command: <repstopdf --outfile=figs/glide-from-yearly-ts-
nju-20step-eps-converted-to.pdf figs/glide-from-yearly-ts-nju-20step.eps>
(epstopdf)             \includegraphics on input line 239.
Package epstopdf Info: Output file is already uptodate.
<figs/glide-from-yearly-ts-nju-20step-eps-converted-to.pdf, id=47, 578.16pt x 4
33.62pt>
File: figs/glide-from-yearly-ts-nju-20step-eps-converted-to.pdf Graphic file (t
ype pdf)
<use figs/glide-from-yearly-ts-nju-20step-eps-converted-to.pdf>
Package pdftex.def Info: figs/glide-from-yearly-ts-nju-20step-eps-converted-to.
pdf  used on input line 239.
(pdftex.def)             Requested size: 213.39566pt x 160.04651pt.
No file nb-step-4-solution.bbl.
[1{/usr/local/texlive/2020/texmf-var/fonts/map/pdftex/updmap/pdftex.map}


]
[2pdfTeX warning (ext4): destination with the same identifier (name{figure.1}) 
has been already used, duplicate ignored

\AtBegShi@Output ...ipout \box \AtBeginShipoutBox 
                                                  \fi \fi 
l.340 \end{document}
                    pdfTeX warning (ext4): destination with the same identifier
 (name{figure.2}) has been already used, duplicate ignored

\AtBegShi@Output ...ipout \box \AtBeginShipoutBox 
                                                  \fi \fi 
l.340 \end{document}
                     <./figs/spin-vs-nb-step-def-eps-converted-to.pdf> <./figs/
spin-axis-vs-nb-step-def-eps-converted-to.pdf> <./figs/glide-vs-nb-step-def-eps
-converted-to.pdf> <./figs/glide-axis-vs-nb-step-def-eps-converted-to.pdf> <./f
igs/spin-vs-nb-step-all-eps-converted-to.pdf> <./figs/spin-axis-vs-nb-step-all-
eps-converted-to.pdf> <./figs/glide-vs-nb-step-all-eps-converted-to.pdf> <./fig
s/glide-axis-vs-nb-step-all-eps-converted-to.pdf>] [3pdfTeX warning (ext4): des
tination with the same identifier (name{figure.3}) has been already used, dupli
cate ignored

\AtBegShi@Output ...ipout \box \AtBeginShipoutBox 
                                                  \fi \fi 
l.340 \end{document}
                     <./figs/spin-from-apm-nju-4step-eps-converted-to.pdf> <./f
igs/glide-from-apm-nju-4step-eps-converted-to.pdf> <./figs/spin-from-apm-nju-8s
tep-eps-converted-to.pdf> <./figs/glide-from-apm-nju-8step-eps-converted-to.pdf
> <./figs/spin-from-apm-nju-10step-eps-converted-to.pdf> <./figs/glide-from-apm
-nju-10step-eps-converted-to.pdf> <./figs/spin-from-apm-nju-20step-eps-converte
d-to.pdf> <./figs/glide-from-apm-nju-20step-eps-converted-to.pdf>] [4pdfTeX war
ning (ext4): destination with the same identifier (name{figure.4}) has been alr
eady used, duplicate ignored

\AtBegShi@Output ...ipout \box \AtBeginShipoutBox 
                                                  \fi \fi 
l.340 \end{document}
                    pdfTeX warning (ext4): destination with the same identifier
 (name{figure.5}) has been already used, duplicate ignored

\AtBegShi@Output ...ipout \box \AtBeginShipoutBox 
                                                  \fi \fi 
l.340 \end{document}
                     <./figs/orient-from-yearly-ts-nju-eps-converted-to.pdf> <.
/figs/orient-from-yearly-ts-nju-8step-eps-converted-to.pdf> <./figs/orient-from
-yearly-ts-nju-10step-eps-converted-to.pdf> <./figs/orient-from-yearly-ts-nju-2
0step-eps-converted-to.pdf> <./figs/glide-from-yearly-ts-nju-eps-converted-to.p
df> <./figs/glide-from-yearly-ts-nju-8step-eps-converted-to.pdf> <./figs/glide-
from-yearly-ts-nju-10step-eps-converted-to.pdf> <./figs/glide-from-yearly-ts-nj
u-20step-eps-converted-to.pdf>]
Package atveryend Info: Empty hook `BeforeClearDocument' on input line 340.
Package atveryend Info: Empty hook `AfterLastShipout' on input line 340.
 (./nb-step-4-solution.aux)
Package atveryend Info: Executing hook `AtVeryEndDocument' on input line 340.
Package atveryend Info: Executing hook `AtEndAfterFileList' on input line 340.
Package rerunfilecheck Info: File `nb-step-4-solution.out' has not changed.
(rerunfilecheck)             Checksum: 2D1DE8A0643CF76E354E9878F6BAE3A6;172.
 ) 
Here is how much of TeX's memory you used:
 10808 strings out of 480608
 165811 string characters out of 5903630
 433880 words of memory out of 5000000
 26398 multiletter control sequences out of 15000+600000
 581600 words of font info for 106 fonts, out of 8000000 for 9000
 1142 hyphenation exceptions out of 8191
 46i,6n,49p,246b,347s stack positions out of 5000i,500n,10000p,200000b,80000s
{/usr/local/texlive/2020/texmf-dist/fonts/enc/dvips/base/8r.enc}</usr/local/t
exlive/2020/texmf-dist/fonts/type1/public/txfonts/rtxmi.pfb></usr/local/texlive
/2020/texmf-dist/fonts/type1/public/txfonts/rtxr.pfb></usr/local/texlive/2020/t
exmf-dist/fonts/type1/public/txfonts/txsy.pfb></usr/local/texlive/2020/texmf-di
st/fonts/type1/urw/helvetic/uhvb8a.pfb></usr/local/texlive/2020/texmf-dist/font
s/type1/urw/times/utmb8a.pfb></usr/local/texlive/2020/texmf-dist/fonts/type1/ur
w/times/utmr8a.pfb></usr/local/texlive/2020/texmf-dist/fonts/type1/urw/times/ut
mri8a.pfb>
Output written on nb-step-4-solution.pdf (4 pages, 528992 bytes).
PDF statistics:
 1271 PDF objects out of 1440 (max. 8388607)
 289 compressed objects within 3 object streams
 13 named destinations out of 1000 (max. 500000)
 145 words of extra memory for PDF output out of 10000 (max. 10000000)

